(dp1
cnumpy.core.multiarray
scalar
p2
(cnumpy
dtype
p3
(S'f8'
I0
I1
tRp4
(I3
S'<'
NNNI-1
I-1
I0
tbS'7\x89A`\xe5\xd0\xf0?'
tRp5
g2
(g4
S'A\xc5\xec\xc7\x05?\xda?'
tRp6
sg2
(g4
S'o\x12\x83\xc0\xca\xa1\xe1?'
tRp7
g2
(g4
S'>c\x03\xefj7\xd7?'
tRp8
sg2
(g4
S'\xde$\x06\x81\x95C\xd3?'
tRp9
g2
(g4
S'\xe3\x05\x96\xcaVT\xdd?'
tRp10
sg2
(g4
S'\xcf\xf7S\xe3\xa5\x9b\x05@'
tRp11
g2
(g4
S'\xba\x9b\x99y\xd8J\xe1?'
tRp12
sg2
(g4
S'7\x89A`\xe5\xd0\xf4?'
tRp13
g2
(g4
S'+8e\x14\xd5\x1b\xdc?'
tRp14
sg2
(g4
S'\x02+\x87\x16\xd9\xce\x08@'
tRp15
g2
(g4
S'\xf0\xa7\x15\\\xb5\x87\xe1?'
tRp16
sg2
(g4
S'5^\xbaI\x0c\x02\n@'
tRp17
g2
(g4
S'e\xe2\x96\xc6\x17\x15\xe2?'
tRp18
sg2
(g4
S'o\x12\x83\xc0\xca\xa1\xe9?'
tRp19
g2
(g4
S'T\xcd\x10f0\xda\xd8?'
tRp20
sg2
(g4
S'\x9c\xc4 \xb0rh\x02@'
tRp21
g2
(g4
S'g\xc7#/\xd4R\xe0?'
tRp22
sg2
(g4
S'\x02+\x87\x16\xd9\xce\n@'
tRp23
g2
(g4
S'*H\x0f>\xd5*\xe2?'
tRp24
sg2
(g4
S'\x02+\x87\x16\xd9\xce\x04@'
tRp25
g2
(g4
S'^\xd2~\xde\xfb\xcd\xe1?'
tRp26
sg2
(g4
S'\xcf\xf7S\xe3\xa5\x9b\x0b@'
tRp27
g2
(g4
S'\xf8\xa7Vn\xfc\x01\xe2?'
tRp28
sg2
(g4
S'\xcf\xf7S\xe3\xa5\x9b\x07@'
tRp29
g2
(g4
S'\\\xc0\xa9$@\xaa\xe1?'
tRp30
sg2
(g4
S'\xcf\xf7S\xe3\xa5\x9b\x03@'
tRp31
g2
(g4
S"0s\x9d:'\xed\xe0?"
tRp32
sg2
(g4
S'\x9e\xef\xa7\xc6K7\xf3?'
tRp33
g2
(g4
S'\x98\x87\x00\xcf\xca\xaf\xdb?'
tRp34
sg2
(g4
S'\xd5x\xe9&1\x08\xe8?'
tRp35
g2
(g4
S'\xd4\xe1\xc1z\xbe\x16\xd8?'
tRp36
sg2
(g4
S'\x9c\xc4 \xb0rh\x00@'
tRp37
g2
(g4
S'\xa1\xf1\xc9\xd0\x8c\xb3\xde?'
tRp38
sg2
(g4
S'D\x8bl\xe7\xfb\xa9\xd9?'
tRp39
g2
(g4
S'~\xf5Q\x18(7\xdb?'
tRp40
sg2
(g4
S'5^\xbaI\x0c\x02\x08@'
tRp41
g2
(g4
S'\xd0\xa5\xe2\n\x12\x0e\xe2?'
tRp42
sg2
(g4
S'\xea&1\x08\xac\x1c\xaa?'
tRp43
g2
(g4
S'\xdcd\x85z\x9dA\xf0?'
tRp44
sg2
(g4
S'\xcf\xf7S\xe3\xa5\x9b\t@'
tRp45
g2
(g4
S'\xf5!\x16\xc8hH\xe1?'
tRp46
sg2
(g4
S'\x9c\xc4 \xb0rh\x04@'
tRp47
g2
(g4
S'\xe1kJ&\xe8\xae\xe1?'
tRp48
sg2
(g4
S'\xd5x\xe9&1\x08\xe0?'
tRp49
g2
(g4
S'\xb4\x93\xe6\x85\xa4\x84\xd8?'
tRp50
sg2
(g4
S'j\xbct\x93\x18\x04\xfc?'
tRp51
g2
(g4
S'Up\x92\xc4(M\xde?'
tRp52
sg2
(g4
S'5^\xbaI\x0c\x02\x00@'
tRp53
g2
(g4
S'2\xf2{\xec\xc2\xc9\xdd?'
tRp54
sg2
(g4
S'\x02+\x87\x16\xd9\xce\x0e@'
tRp55
g2
(g4
S'\xb9\xb9(gfZ\xe5?'
tRp56
sg2
(g4
S'5^\xbaI\x0c\x02\x06@'
tRp57
g2
(g4
S'\xac\x91\x93\xf0\xdc\x93\xe0?'
tRp58
sg2
(g4
S'\xd1"\xdb\xf9~j\xfa?'
tRp59
g2
(g4
S'~\x05F\xf4\x80\xeb\xdc?'
tRp60
sg2
(g4
S'i\x91\xed|?5\x0f@'
tRp61
g2
(g4
S'\x03\x87\xa7\xb9O%\xe4?'
tRp62
sg2
(g4
S'i\x91\xed|?5\x05@'
tRp63
g2
(g4
S'\x010\xae\x83J6\xe1?'
tRp64
sg2
(g4
S'\x02+\x87\x16\xd9\xce\x0c@'
tRp65
g2
(g4
S'\xb8Q\x9eyK\x9d\xe2?'
tRp66
sg2
(g4
S'\x9e\xef\xa7\xc6K7\xfb?'
tRp67
g2
(g4
S'\xbe\xed\xab\xd2\xb2<\xdd?'
tRp68
sg2
(g4
S'\x04V\x0e-\xb2\x9d\xf1?'
tRp69
g2
(g4
S'\xa4\xd4p)\xa3\xe2\xda?'
tRp70
sg2
(g4
S'<\xdfO\x8d\x97n\xee?'
tRp71
g2
(g4
S'i2E7\xf4\xae\xd9?'
tRp72
sg2
(g4
S'\xaa\xf1\xd2Mb\x10\xd0?'
tRp73
g2
(g4
S'\x9fk\x0b\xd3\xd9^\xde?'
tRp74
sg2
(g4
S'\xd1"\xdb\xf9~j\xfe?'
tRp75
g2
(g4
S'\xe9awP\xaa\xae\xdd?'
tRp76
sg2
(g4
S'\x04V\x0e-\xb2\x9d\xf5?'
tRp77
g2
(g4
S'=\xd7zi\x9b\xfe\xdc?'
tRp78
sg2
(g4
S'\x88\x16\xd9\xce\xf7S\xc3?'
tRp79
g2
(g4
S'`\xe50\x02 \x9e\xe3?'
tRp80
sg2
(g4
S'\xcf\xf7S\xe3\xa5\x9b\x01@'
tRp81
g2
(g4
S'\x15l(\x99\xa1?\xe0?'
tRp82
sg2
(g4
S'j\xbct\x93\x18\x04\xf8?'
tRp83
g2
(g4
S'\x96$\xc9Y\x07s\xdd?'
tRp84
sg2
(g4
S'<\xdfO\x8d\x97n\xe6?'
tRp85
g2
(g4
S'\xf9~@\x94\xc4\xc0\xd6?'
tRp86
sg2
(g4
S'7\x89A`\xe5\xd0\xf8?'
tRp87
g2
(g4
S'\xe12\t8\x0cb\xdd?'
tRp88
sg2
(g4
S'5^\xbaI\x0c\x02\x0c@'
tRp89
g2
(g4
S'\x00\\\xa45\xe5\x04\xe2?'
tRp90
sg2
(g4
S'\x9c\xc4 \xb0rh\x0e@'
tRp91
g2
(g4
S'`\xea\xe8\xa6\x00q\xe3?'
tRp92
sg2
(g4
S'B`\xe5\xd0"\xdb\xb9?'
tRp93
g2
(g4
S'\xa7SP\xa3U\xdd\xe5?'
tRp94
sg2
(g4
S'\xcf\xf7S\xe3\xa5\x9b\x0f@'
tRp95
g2
(g4
S'\x1a\xe4\xba\xb8*\x06\xe5?'
tRp96
sg2
(g4
S'\x9c\xc4 \xb0rh\x08@'
tRp97
g2
(g4
S'\x83\xe1\t\xd9|\xb8\xe1?'
tRp98
sg2
(g4
S'\xfc\xa9\xf1\xd2MbP?'
tRp99
g2
(g4
S'u\x0f\x8b(\x86\xdd\xf1?'
tRp100
sg2
(g4
S'j\xbct\x93\x18\x04\xf0?'
tRp101
g2
(g4
S'+\x86\xf5\x13\xc4\xde\xd9?'
tRp102
sg2
(g4
S'\xa2E\xb6\xf3\xfd\xd4\xe4?'
tRp103
g2
(g4
S'\xc6\xe9\x81\xff\x13d\xd7?'
tRp104
sg2
(g4
S'j\xbct\x93\x18\x04\xf4?'
tRp105
g2
(g4
S'\xf1\x86\x17O\xd6k\xdc?'
tRp106
sg2
(g4
S'\x11X9\xb4\xc8v\xd6?'
tRp107
g2
(g4
S'F[\xb4\xda\x1a\xd1\xdc?'
tRp108
sg2
(g4
S'i\x91\xed|?5\t@'
tRp109
g2
(g4
S'\x97[1\n\xd9\x8d\xe1?'
tRp110
sg2
(g4
S'\xcf\xf7S\xe3\xa5\x9b\r@'
tRp111
g2
(g4
S'O\xe0T*}\x18\xe3?'
tRp112
sg2
(g4
S'5^\xbaI\x0c\x02\x04@'
tRp113
g2
(g4
S'\x98"o\xbf0\xbb\xe0?'
tRp114
sg2
(g4
S'\xee|?5^\xba\xc9?'
tRp115
g2
(g4
S'\xd2\xe0\x01\x15\xef\xd5\xe2?'
tRp116
sg2
(g4
S'\xa2E\xb6\xf3\xfd\xd4\xec?'
tRp117
g2
(g4
S'\x84\xdd\xccc-\xdf\xd9?'
tRp118
sg2
(g4
S'\x9c\xc4 \xb0rh\x06@'
tRp119
g2
(g4
S'R\x16\xa3^^\x87\xe1?'
tRp120
sg2
(g4
S'\x02+\x87\x16\xd9\xce\x00@'
tRp121
g2
(g4
S'f\x00\xb7d\xa5?\xe0?'
tRp122
sg2
(g4
S'\x04V\x0e-\xb2\x9d\xf9?'
tRp123
g2
(g4
S'\x16\xa1\x93#\x94\xb2\xdd?'
tRp124
sg2
(g4
S'i\x91\xed|?5\x07@'
tRp125
g2
(g4
S'\x8aP\xf6\xb4\x1f\xbf\xe1?'
tRp126
sg2
(g4
S'5^\xbaI\x0c\x02\x0e@'
tRp127
g2
(g4
S'\x81FK{%d\xe4?'
tRp128
sg2
(g4
S'\x9c\xc4 \xb0rh\n@'
tRp129
g2
(g4
S'\x18"$9;\x0e\xe2?'
tRp130
sg2
(g4
S'\x02+\x87\x16\xd9\xce\x02@'
tRp131
g2
(g4
S'\xff\xef"\x10\x89\xee\xe0?'
tRp132
sg2
(g4
S'7\x89A`\xe5\xd0\xfc?'
tRp133
g2
(g4
S'_\xeb\xe8\xd1\xba\x94\xdd?'
tRp134
sg2
(g4
S'\x9c\xc4 \xb0rh\x0c@'
tRp135
g2
(g4
S'\x17\xc4<\xb4\xc5I\xe2?'
tRp136
sg2
(g4
S'5^\xbaI\x0c\x02\x02@'
tRp137
g2
(g4
S'\x02\xc3G\xcdP\n\xe0?'
tRp138
sg2
(g4
S'\x9e\xef\xa7\xc6K7\xff?'
tRp139
g2
(g4
S'\xde\x8fz|=\xac\xdd?'
tRp140
sg2
(g4
S'\xd1"\xdb\xf9~j\xf2?'
tRp141
g2
(g4
S'\x1fn\x99\x19R\xe6\xdb?'
tRp142
sg2
(g4
S'\t\xac\x1cZd;\xe3?'
tRp143
g2
(g4
S'[\xfc\x8c\x07\xdc\x87\xd6?'
tRp144
sg2
(g4
S'w\xbe\x9f\x1a/\xdd\xdc?'
tRp145
g2
(g4
S'x\xa7}\xe2\xb2\x08\xdc?'
tRp146
sg2
(g4
S'\xd1"\xdb\xf9~j\xf6?'
tRp147
g2
(g4
S's-\xb2\x80W\xbc\xdc?'
tRp148
sg2
(g4
S'\t\xac\x1cZd;\xeb?'
tRp149
g2
(g4
S'\xa5\x1cf\xee\x1eG\xd9?'
tRp150
sg2
(g4
S'h\x91\xed|?5\x01@'
tRp151
g2
(g4
S'4X\xc3\xb9a\x8e\xdf?'
tRp152
sg2
(g4
S'\x02+\x87\x16\xd9\xce\x06@'
tRp153
g2
(g4
S'@\xf4\xec-\xe2\\\xe1?'
tRp154
sg2
(g4
S'i\x91\xed|?5\x0b@'
tRp155
g2
(g4
S'~E\x12G\r\x84\xe1?'
tRp156
sg2
(g4
S'\x04V\x0e-\xb2\x9d\xfd?'
tRp157
g2
(g4
S'm\x15\xbe\xc6\xad\x16\xde?'
tRp158
sg2
(g4
S'\x9e\xef\xa7\xc6K7\xf7?'
tRp159
g2
(g4
S'\x98\xacA\xe6w\x03\xde?'
tRp160
sg2
(g4
S'i\x91\xed|?5\r@'
tRp161
g2
(g4
S'\xbcNQB\xed\xf8\xe2?'
tRp162
sg2
(g4
S'i\x91\xed|?5\x03@'
tRp163
g2
(g4
S'\x88;)\x96\xf7\xa6\xe0?'
tRp164
s.